This file contains any messages produced by compilers while
running configure, to aid debugging if configure makes a mistake.

It was created by configure, which was
generated by GNU Autoconf 2.68.  Invocation command line was

  $ ./configure 

## --------- ##
## Platform. ##
## --------- ##

hostname = PcVicent
uname -m = x86_64
uname -r = 3.2.0-26-generic
uname -s = Linux
uname -v = #41-Ubuntu SMP Thu Jun 14 17:49:24 UTC 2012

/usr/bin/uname -p = unknown
/bin/uname -X     = unknown

/bin/arch              = unknown
/usr/bin/arch -k       = unknown
/usr/convex/getsysinfo = unknown
/usr/bin/hostinfo      = unknown
/bin/machine           = unknown
/usr/bin/oslevel       = unknown
/bin/universe          = unknown

PATH: /usr/local/sbin
PATH: /usr/local/bin
PATH: /usr/sbin
PATH: /usr/bin
PATH: /sbin
PATH: /bin
PATH: /usr/games


## ----------- ##
## Core tests. ##
## ----------- ##

configure:2461: checking for a BSD-compatible install
configure:2529: result: /usr/bin/install -c
configure:2540: checking whether build environment is sane
configure:2590: result: yes
configure:2731: checking for a thread-safe mkdir -p
configure:2770: result: /bin/mkdir -p
configure:2783: checking for gawk
configure:2799: found /usr/bin/gawk
configure:2810: result: gawk
configure:2821: checking whether make sets $(MAKE)
configure:2843: result: yes
configure:2971: checking for gcc
configure:2987: found /usr/bin/gcc
configure:2998: result: gcc
configure:3227: checking for C compiler version
configure:3236: gcc --version >&5
gcc (Ubuntu/Linaro 4.6.3-1ubuntu5) 4.6.3
Copyright (C) 2011 Free Software Foundation, Inc.
This is free software; see the source for copying conditions.  There is NO
warranty; not even for MERCHANTABILITY or FITNESS FOR A PARTICULAR PURPOSE.

configure:3247: $? = 0
configure:3236: gcc -v >&5
Using built-in specs.
COLLECT_GCC=gcc
COLLECT_LTO_WRAPPER=/usr/lib/gcc/x86_64-linux-gnu/4.6/lto-wrapper
Target: x86_64-linux-gnu
Configured with: ../src/configure -v --with-pkgversion='Ubuntu/Linaro 4.6.3-1ubuntu5' --with-bugurl=file:///usr/share/doc/gcc-4.6/README.Bugs --enable-languages=c,c++,fortran,objc,obj-c++ --prefix=/usr --program-suffix=-4.6 --enable-shared --enable-linker-build-id --with-system-zlib --libexecdir=/usr/lib --without-included-gettext --enable-threads=posix --with-gxx-include-dir=/usr/include/c++/4.6 --libdir=/usr/lib --enable-nls --with-sysroot=/ --enable-clocale=gnu --enable-libstdcxx-debug --enable-libstdcxx-time=yes --enable-gnu-unique-object --enable-plugin --enable-objc-gc --disable-werror --with-arch-32=i686 --with-tune=generic --enable-checking=release --build=x86_64-linux-gnu --host=x86_64-linux-gnu --target=x86_64-linux-gnu
Thread model: posix
gcc version 4.6.3 (Ubuntu/Linaro 4.6.3-1ubuntu5) 
configure:3247: $? = 0
configure:3236: gcc -V >&5
gcc: error: unrecognized option '-V'
gcc: fatal error: no input files
compilation terminated.
configure:3247: $? = 4
configure:3236: gcc -qversion >&5
gcc: error: unrecognized option '-qversion'
gcc: fatal error: no input files
compilation terminated.
configure:3247: $? = 4
configure:3267: checking whether the C compiler works
configure:3289: gcc    conftest.c  >&5
configure:3293: $? = 0
configure:3341: result: yes
configure:3344: checking for C compiler default output file name
configure:3346: result: a.out
configure:3352: checking for suffix of executables
configure:3359: gcc -o conftest    conftest.c  >&5
configure:3363: $? = 0
configure:3385: result: 
configure:3407: checking whether we are cross compiling
configure:3415: gcc -o conftest    conftest.c  >&5
configure:3419: $? = 0
configure:3426: ./conftest
configure:3430: $? = 0
configure:3445: result: no
configure:3450: checking for suffix of object files
configure:3472: gcc -c   conftest.c >&5
configure:3476: $? = 0
configure:3497: result: o
configure:3501: checking whether we are using the GNU C compiler
configure:3520: gcc -c   conftest.c >&5
configure:3520: $? = 0
configure:3529: result: yes
configure:3538: checking whether gcc accepts -g
configure:3558: gcc -c -g  conftest.c >&5
configure:3558: $? = 0
configure:3599: result: yes
configure:3616: checking for gcc option to accept ISO C89
configure:3680: gcc  -c -g -O2  conftest.c >&5
configure:3680: $? = 0
configure:3693: result: none needed
configure:3724: checking for style of include used by make
configure:3752: result: GNU
configure:3778: checking dependency style of gcc
configure:3889: result: gcc3
configure:3962: checking for g++
configure:3978: found /usr/bin/g++
configure:3989: result: g++
configure:4016: checking for C++ compiler version
configure:4025: g++ --version >&5
g++ (Ubuntu/Linaro 4.6.3-1ubuntu5) 4.6.3
Copyright (C) 2011 Free Software Foundation, Inc.
This is free software; see the source for copying conditions.  There is NO
warranty; not even for MERCHANTABILITY or FITNESS FOR A PARTICULAR PURPOSE.

configure:4036: $? = 0
configure:4025: g++ -v >&5
Using built-in specs.
COLLECT_GCC=g++
COLLECT_LTO_WRAPPER=/usr/lib/gcc/x86_64-linux-gnu/4.6/lto-wrapper
Target: x86_64-linux-gnu
Configured with: ../src/configure -v --with-pkgversion='Ubuntu/Linaro 4.6.3-1ubuntu5' --with-bugurl=file:///usr/share/doc/gcc-4.6/README.Bugs --enable-languages=c,c++,fortran,objc,obj-c++ --prefix=/usr --program-suffix=-4.6 --enable-shared --enable-linker-build-id --with-system-zlib --libexecdir=/usr/lib --without-included-gettext --enable-threads=posix --with-gxx-include-dir=/usr/include/c++/4.6 --libdir=/usr/lib --enable-nls --with-sysroot=/ --enable-clocale=gnu --enable-libstdcxx-debug --enable-libstdcxx-time=yes --enable-gnu-unique-object --enable-plugin --enable-objc-gc --disable-werror --with-arch-32=i686 --with-tune=generic --enable-checking=release --build=x86_64-linux-gnu --host=x86_64-linux-gnu --target=x86_64-linux-gnu
Thread model: posix
gcc version 4.6.3 (Ubuntu/Linaro 4.6.3-1ubuntu5) 
configure:4036: $? = 0
configure:4025: g++ -V >&5
g++: error: unrecognized option '-V'
g++: fatal error: no input files
compilation terminated.
configure:4036: $? = 4
configure:4025: g++ -qversion >&5
g++: error: unrecognized option '-qversion'
g++: fatal error: no input files
compilation terminated.
configure:4036: $? = 4
configure:4040: checking whether we are using the GNU C++ compiler
configure:4059: g++ -c   conftest.cpp >&5
configure:4059: $? = 0
configure:4068: result: yes
configure:4077: checking whether g++ accepts -g
configure:4097: g++ -c -g  conftest.cpp >&5
configure:4097: $? = 0
configure:4138: result: yes
configure:4163: checking dependency style of g++
configure:4274: result: gcc3
configure:4333: checking for ranlib
configure:4349: found /usr/bin/ranlib
configure:4360: result: ranlib
configure:4390: checking how to run the C preprocessor
configure:4421: gcc -E  conftest.c
configure:4421: $? = 0
configure:4435: gcc -E  conftest.c
conftest.c:11:28: fatal error: ac_nonexistent.h: No such file or directory
compilation terminated.
configure:4435: $? = 1
configure: failed program was:
| /* confdefs.h */
| #define PACKAGE_NAME ""
| #define PACKAGE_TARNAME ""
| #define PACKAGE_VERSION ""
| #define PACKAGE_STRING ""
| #define PACKAGE_BUGREPORT ""
| #define PACKAGE_URL ""
| #define PACKAGE "multi2sim"
| #define VERSION "3.3"
| /* end confdefs.h.  */
| #include <ac_nonexistent.h>
configure:4460: result: gcc -E
configure:4480: gcc -E  conftest.c
configure:4480: $? = 0
configure:4494: gcc -E  conftest.c
conftest.c:11:28: fatal error: ac_nonexistent.h: No such file or directory
compilation terminated.
configure:4494: $? = 1
configure: failed program was:
| /* confdefs.h */
| #define PACKAGE_NAME ""
| #define PACKAGE_TARNAME ""
| #define PACKAGE_VERSION ""
| #define PACKAGE_STRING ""
| #define PACKAGE_BUGREPORT ""
| #define PACKAGE_URL ""
| #define PACKAGE "multi2sim"
| #define VERSION "3.3"
| /* end confdefs.h.  */
| #include <ac_nonexistent.h>
configure:4523: checking for grep that handles long lines and -e
configure:4581: result: /bin/grep
configure:4586: checking for egrep
configure:4648: result: /bin/grep -E
configure:4653: checking for ANSI C header files
configure:4673: gcc -c -g -O2  conftest.c >&5
configure:4673: $? = 0
configure:4746: gcc -o conftest -g -O2   conftest.c  >&5
configure:4746: $? = 0
configure:4746: ./conftest
configure:4746: $? = 0
configure:4757: result: yes
configure:4765: checking for sys/wait.h that is POSIX.1 compatible
configure:4791: gcc -c -g -O2  conftest.c >&5
configure:4791: $? = 0
configure:4798: result: yes
configure:4811: checking for sys/types.h
configure:4811: gcc -c -g -O2  conftest.c >&5
configure:4811: $? = 0
configure:4811: result: yes
configure:4811: checking for sys/stat.h
configure:4811: gcc -c -g -O2  conftest.c >&5
configure:4811: $? = 0
configure:4811: result: yes
configure:4811: checking for stdlib.h
configure:4811: gcc -c -g -O2  conftest.c >&5
configure:4811: $? = 0
configure:4811: result: yes
configure:4811: checking for string.h
configure:4811: gcc -c -g -O2  conftest.c >&5
configure:4811: $? = 0
configure:4811: result: yes
configure:4811: checking for memory.h
configure:4811: gcc -c -g -O2  conftest.c >&5
configure:4811: $? = 0
configure:4811: result: yes
configure:4811: checking for strings.h
configure:4811: gcc -c -g -O2  conftest.c >&5
configure:4811: $? = 0
configure:4811: result: yes
configure:4811: checking for inttypes.h
configure:4811: gcc -c -g -O2  conftest.c >&5
configure:4811: $? = 0
configure:4811: result: yes
configure:4811: checking for stdint.h
configure:4811: gcc -c -g -O2  conftest.c >&5
configure:4811: $? = 0
configure:4811: result: yes
configure:4811: checking for unistd.h
configure:4811: gcc -c -g -O2  conftest.c >&5
configure:4811: $? = 0
configure:4811: result: yes
configure:4826: checking fcntl.h usability
configure:4826: gcc -c -g -O2  conftest.c >&5
configure:4826: $? = 0
configure:4826: result: yes
configure:4826: checking fcntl.h presence
configure:4826: gcc -E  conftest.c
configure:4826: $? = 0
configure:4826: result: yes
configure:4826: checking for fcntl.h
configure:4826: result: yes
configure:4826: checking float.h usability
configure:4826: gcc -c -g -O2  conftest.c >&5
configure:4826: $? = 0
configure:4826: result: yes
configure:4826: checking float.h presence
configure:4826: gcc -E  conftest.c
configure:4826: $? = 0
configure:4826: result: yes
configure:4826: checking for float.h
configure:4826: result: yes
configure:4826: checking stddef.h usability
configure:4826: gcc -c -g -O2  conftest.c >&5
configure:4826: $? = 0
configure:4826: result: yes
configure:4826: checking stddef.h presence
configure:4826: gcc -E  conftest.c
configure:4826: $? = 0
configure:4826: result: yes
configure:4826: checking for stddef.h
configure:4826: result: yes
configure:4826: checking for stdint.h
configure:4826: result: yes
configure:4826: checking for stdlib.h
configure:4826: result: yes
configure:4826: checking for string.h
configure:4826: result: yes
configure:4826: checking sys/ioctl.h usability
configure:4826: gcc -c -g -O2  conftest.c >&5
configure:4826: $? = 0
configure:4826: result: yes
configure:4826: checking sys/ioctl.h presence
configure:4826: gcc -E  conftest.c
configure:4826: $? = 0
configure:4826: result: yes
configure:4826: checking for sys/ioctl.h
configure:4826: result: yes
configure:4826: checking sys/socket.h usability
configure:4826: gcc -c -g -O2  conftest.c >&5
configure:4826: $? = 0
configure:4826: result: yes
configure:4826: checking sys/socket.h presence
configure:4826: gcc -E  conftest.c
configure:4826: $? = 0
configure:4826: result: yes
configure:4826: checking for sys/socket.h
configure:4826: result: yes
configure:4826: checking sys/time.h usability
configure:4826: gcc -c -g -O2  conftest.c >&5
configure:4826: $? = 0
configure:4826: result: yes
configure:4826: checking sys/time.h presence
configure:4826: gcc -E  conftest.c
configure:4826: $? = 0
configure:4826: result: yes
configure:4826: checking for sys/time.h
configure:4826: result: yes
configure:4826: checking for unistd.h
configure:4826: result: yes
configure:4826: checking utime.h usability
configure:4826: gcc -c -g -O2  conftest.c >&5
configure:4826: $? = 0
configure:4826: result: yes
configure:4826: checking utime.h presence
configure:4826: gcc -E  conftest.c
configure:4826: $? = 0
configure:4826: result: yes
configure:4826: checking for utime.h
configure:4826: result: yes
configure:4836: checking elf.h usability
configure:4836: gcc -c -g -O2  conftest.c >&5
configure:4836: $? = 0
configure:4836: result: yes
configure:4836: checking elf.h presence
configure:4836: gcc -E  conftest.c
configure:4836: $? = 0
configure:4836: result: yes
configure:4836: checking for elf.h
configure:4836: result: yes
configure:4852: checking zlib.h usability
configure:4852: gcc -c -g -O2  conftest.c >&5
configure:4852: $? = 0
configure:4852: result: yes
configure:4852: checking zlib.h presence
configure:4852: gcc -E  conftest.c
configure:4852: $? = 0
configure:4852: result: yes
configure:4852: checking for zlib.h
configure:4852: result: yes
configure:4861: checking for inflate in -lz
configure:4886: gcc -o conftest -g -O2   conftest.c -lz   >&5
configure:4886: $? = 0
configure:4895: result: yes
configure:4925: checking GL/glut.h usability
configure:4925: gcc -c -g -O2  conftest.c >&5
configure:4925: $? = 0
configure:4925: result: yes
configure:4925: checking GL/glut.h presence
configure:4925: gcc -E  conftest.c
configure:4925: $? = 0
configure:4925: result: yes
configure:4925: checking for GL/glut.h
configure:4925: result: yes
configure:4934: checking for glutInit in -lglut
configure:4959: gcc -o conftest -g -O2   conftest.c -lglut  -lz  >&5
configure:4959: $? = 0
configure:4968: result: yes
configure:4981: checking for glBegin in -lGL
configure:5006: gcc -o conftest -g -O2   conftest.c -lGL  -lglut -lz  >&5
configure:5006: $? = 0
configure:5015: result: yes
configure:5028: checking for gluOrtho2D in -lGLU
configure:5053: gcc -o conftest -g -O2   conftest.c -lGLU  -lGL -lglut -lz  >&5
configure:5053: $? = 0
configure:5062: result: yes
configure:5104: checking for int16_t
configure:5104: gcc -c -g -O2  conftest.c >&5
configure:5104: $? = 0
configure:5104: gcc -c -g -O2  conftest.c >&5
conftest.c: In function 'main':
conftest.c:77:12: error: size of array 'test_array' is negative
configure:5104: $? = 1
configure: failed program was:
| /* confdefs.h */
| #define PACKAGE_NAME ""
| #define PACKAGE_TARNAME ""
| #define PACKAGE_VERSION ""
| #define PACKAGE_STRING ""
| #define PACKAGE_BUGREPORT ""
| #define PACKAGE_URL ""
| #define PACKAGE "multi2sim"
| #define VERSION "3.3"
| #define STDC_HEADERS 1
| #define HAVE_SYS_WAIT_H 1
| #define HAVE_SYS_TYPES_H 1
| #define HAVE_SYS_STAT_H 1
| #define HAVE_STDLIB_H 1
| #define HAVE_STRING_H 1
| #define HAVE_MEMORY_H 1
| #define HAVE_STRINGS_H 1
| #define HAVE_INTTYPES_H 1
| #define HAVE_STDINT_H 1
| #define HAVE_UNISTD_H 1
| #define HAVE_FCNTL_H 1
| #define HAVE_FLOAT_H 1
| #define HAVE_STDDEF_H 1
| #define HAVE_STDINT_H 1
| #define HAVE_STDLIB_H 1
| #define HAVE_STRING_H 1
| #define HAVE_SYS_IOCTL_H 1
| #define HAVE_SYS_SOCKET_H 1
| #define HAVE_SYS_TIME_H 1
| #define HAVE_UNISTD_H 1
| #define HAVE_UTIME_H 1
| #define HAVE_ELF_H 1
| #define HAVE_ZLIB_H 1
| #define HAVE_LIBZ 1
| #define HAVE_GLUT_H 1
| #define HAVE_LIBGLUT 1
| #define HAVE_LIBGL 1
| #define HAVE_LIBGLU 1
| /* end confdefs.h.  */
| #include <stdio.h>
| #ifdef HAVE_SYS_TYPES_H
| # include <sys/types.h>
| #endif
| #ifdef HAVE_SYS_STAT_H
| # include <sys/stat.h>
| #endif
| #ifdef STDC_HEADERS
| # include <stdlib.h>
| # include <stddef.h>
| #else
| # ifdef HAVE_STDLIB_H
| #  include <stdlib.h>
| # endif
| #endif
| #ifdef HAVE_STRING_H
| # if !defined STDC_HEADERS && defined HAVE_MEMORY_H
| #  include <memory.h>
| # endif
| # include <string.h>
| #endif
| #ifdef HAVE_STRINGS_H
| # include <strings.h>
| #endif
| #ifdef HAVE_INTTYPES_H
| # include <inttypes.h>
| #endif
| #ifdef HAVE_STDINT_H
| # include <stdint.h>
| #endif
| #ifdef HAVE_UNISTD_H
| # include <unistd.h>
| #endif
| 	        enum { N = 16 / 2 - 1 };
| int
| main ()
| {
| static int test_array [1 - 2 * !((int16_t) (((((int16_t) 1 << N) << N) - 1) * 2 + 1)
| 		 < (int16_t) (((((int16_t) 1 << N) << N) - 1) * 2 + 2))];
| test_array [0] = 0
| 
|   ;
|   return 0;
| }
configure:5104: result: yes
configure:5115: checking for int32_t
configure:5115: gcc -c -g -O2  conftest.c >&5
configure:5115: $? = 0
configure:5115: gcc -c -g -O2  conftest.c >&5
conftest.c: In function 'main':
conftest.c:78:53: warning: integer overflow in expression [-Woverflow]
conftest.c:77:12: error: size of array 'test_array' is negative
conftest.c:77:12: error: storage size of 'test_array' isn't constant
configure:5115: $? = 1
configure: failed program was:
| /* confdefs.h */
| #define PACKAGE_NAME ""
| #define PACKAGE_TARNAME ""
| #define PACKAGE_VERSION ""
| #define PACKAGE_STRING ""
| #define PACKAGE_BUGREPORT ""
| #define PACKAGE_URL ""
| #define PACKAGE "multi2sim"
| #define VERSION "3.3"
| #define STDC_HEADERS 1
| #define HAVE_SYS_WAIT_H 1
| #define HAVE_SYS_TYPES_H 1
| #define HAVE_SYS_STAT_H 1
| #define HAVE_STDLIB_H 1
| #define HAVE_STRING_H 1
| #define HAVE_MEMORY_H 1
| #define HAVE_STRINGS_H 1
| #define HAVE_INTTYPES_H 1
| #define HAVE_STDINT_H 1
| #define HAVE_UNISTD_H 1
| #define HAVE_FCNTL_H 1
| #define HAVE_FLOAT_H 1
| #define HAVE_STDDEF_H 1
| #define HAVE_STDINT_H 1
| #define HAVE_STDLIB_H 1
| #define HAVE_STRING_H 1
| #define HAVE_SYS_IOCTL_H 1
| #define HAVE_SYS_SOCKET_H 1
| #define HAVE_SYS_TIME_H 1
| #define HAVE_UNISTD_H 1
| #define HAVE_UTIME_H 1
| #define HAVE_ELF_H 1
| #define HAVE_ZLIB_H 1
| #define HAVE_LIBZ 1
| #define HAVE_GLUT_H 1
| #define HAVE_LIBGLUT 1
| #define HAVE_LIBGL 1
| #define HAVE_LIBGLU 1
| /* end confdefs.h.  */
| #include <stdio.h>
| #ifdef HAVE_SYS_TYPES_H
| # include <sys/types.h>
| #endif
| #ifdef HAVE_SYS_STAT_H
| # include <sys/stat.h>
| #endif
| #ifdef STDC_HEADERS
| # include <stdlib.h>
| # include <stddef.h>
| #else
| # ifdef HAVE_STDLIB_H
| #  include <stdlib.h>
| # endif
| #endif
| #ifdef HAVE_STRING_H
| # if !defined STDC_HEADERS && defined HAVE_MEMORY_H
| #  include <memory.h>
| # endif
| # include <string.h>
| #endif
| #ifdef HAVE_STRINGS_H
| # include <strings.h>
| #endif
| #ifdef HAVE_INTTYPES_H
| # include <inttypes.h>
| #endif
| #ifdef HAVE_STDINT_H
| # include <stdint.h>
| #endif
| #ifdef HAVE_UNISTD_H
| # include <unistd.h>
| #endif
| 	        enum { N = 32 / 2 - 1 };
| int
| main ()
| {
| static int test_array [1 - 2 * !((int32_t) (((((int32_t) 1 << N) << N) - 1) * 2 + 1)
| 		 < (int32_t) (((((int32_t) 1 << N) << N) - 1) * 2 + 2))];
| test_array [0] = 0
| 
|   ;
|   return 0;
| }
configure:5115: result: yes
configure:5126: checking for int64_t
configure:5126: gcc -c -g -O2  conftest.c >&5
configure:5126: $? = 0
configure:5126: gcc -c -g -O2  conftest.c >&5
conftest.c: In function 'main':
conftest.c:78:53: warning: integer overflow in expression [-Woverflow]
conftest.c:77:12: error: size of array 'test_array' is negative
conftest.c:77:12: error: storage size of 'test_array' isn't constant
configure:5126: $? = 1
configure: failed program was:
| /* confdefs.h */
| #define PACKAGE_NAME ""
| #define PACKAGE_TARNAME ""
| #define PACKAGE_VERSION ""
| #define PACKAGE_STRING ""
| #define PACKAGE_BUGREPORT ""
| #define PACKAGE_URL ""
| #define PACKAGE "multi2sim"
| #define VERSION "3.3"
| #define STDC_HEADERS 1
| #define HAVE_SYS_WAIT_H 1
| #define HAVE_SYS_TYPES_H 1
| #define HAVE_SYS_STAT_H 1
| #define HAVE_STDLIB_H 1
| #define HAVE_STRING_H 1
| #define HAVE_MEMORY_H 1
| #define HAVE_STRINGS_H 1
| #define HAVE_INTTYPES_H 1
| #define HAVE_STDINT_H 1
| #define HAVE_UNISTD_H 1
| #define HAVE_FCNTL_H 1
| #define HAVE_FLOAT_H 1
| #define HAVE_STDDEF_H 1
| #define HAVE_STDINT_H 1
| #define HAVE_STDLIB_H 1
| #define HAVE_STRING_H 1
| #define HAVE_SYS_IOCTL_H 1
| #define HAVE_SYS_SOCKET_H 1
| #define HAVE_SYS_TIME_H 1
| #define HAVE_UNISTD_H 1
| #define HAVE_UTIME_H 1
| #define HAVE_ELF_H 1
| #define HAVE_ZLIB_H 1
| #define HAVE_LIBZ 1
| #define HAVE_GLUT_H 1
| #define HAVE_LIBGLUT 1
| #define HAVE_LIBGL 1
| #define HAVE_LIBGLU 1
| /* end confdefs.h.  */
| #include <stdio.h>
| #ifdef HAVE_SYS_TYPES_H
| # include <sys/types.h>
| #endif
| #ifdef HAVE_SYS_STAT_H
| # include <sys/stat.h>
| #endif
| #ifdef STDC_HEADERS
| # include <stdlib.h>
| # include <stddef.h>
| #else
| # ifdef HAVE_STDLIB_H
| #  include <stdlib.h>
| # endif
| #endif
| #ifdef HAVE_STRING_H
| # if !defined STDC_HEADERS && defined HAVE_MEMORY_H
| #  include <memory.h>
| # endif
| # include <string.h>
| #endif
| #ifdef HAVE_STRINGS_H
| # include <strings.h>
| #endif
| #ifdef HAVE_INTTYPES_H
| # include <inttypes.h>
| #endif
| #ifdef HAVE_STDINT_H
| # include <stdint.h>
| #endif
| #ifdef HAVE_UNISTD_H
| # include <unistd.h>
| #endif
| 	        enum { N = 64 / 2 - 1 };
| int
| main ()
| {
| static int test_array [1 - 2 * !((int64_t) (((((int64_t) 1 << N) << N) - 1) * 2 + 1)
| 		 < (int64_t) (((((int64_t) 1 << N) << N) - 1) * 2 + 2))];
| test_array [0] = 0
| 
|   ;
|   return 0;
| }
configure:5126: result: yes
configure:5137: checking for int8_t
configure:5137: gcc -c -g -O2  conftest.c >&5
configure:5137: $? = 0
configure:5137: gcc -c -g -O2  conftest.c >&5
conftest.c: In function 'main':
conftest.c:77:12: error: size of array 'test_array' is negative
configure:5137: $? = 1
configure: failed program was:
| /* confdefs.h */
| #define PACKAGE_NAME ""
| #define PACKAGE_TARNAME ""
| #define PACKAGE_VERSION ""
| #define PACKAGE_STRING ""
| #define PACKAGE_BUGREPORT ""
| #define PACKAGE_URL ""
| #define PACKAGE "multi2sim"
| #define VERSION "3.3"
| #define STDC_HEADERS 1
| #define HAVE_SYS_WAIT_H 1
| #define HAVE_SYS_TYPES_H 1
| #define HAVE_SYS_STAT_H 1
| #define HAVE_STDLIB_H 1
| #define HAVE_STRING_H 1
| #define HAVE_MEMORY_H 1
| #define HAVE_STRINGS_H 1
| #define HAVE_INTTYPES_H 1
| #define HAVE_STDINT_H 1
| #define HAVE_UNISTD_H 1
| #define HAVE_FCNTL_H 1
| #define HAVE_FLOAT_H 1
| #define HAVE_STDDEF_H 1
| #define HAVE_STDINT_H 1
| #define HAVE_STDLIB_H 1
| #define HAVE_STRING_H 1
| #define HAVE_SYS_IOCTL_H 1
| #define HAVE_SYS_SOCKET_H 1
| #define HAVE_SYS_TIME_H 1
| #define HAVE_UNISTD_H 1
| #define HAVE_UTIME_H 1
| #define HAVE_ELF_H 1
| #define HAVE_ZLIB_H 1
| #define HAVE_LIBZ 1
| #define HAVE_GLUT_H 1
| #define HAVE_LIBGLUT 1
| #define HAVE_LIBGL 1
| #define HAVE_LIBGLU 1
| /* end confdefs.h.  */
| #include <stdio.h>
| #ifdef HAVE_SYS_TYPES_H
| # include <sys/types.h>
| #endif
| #ifdef HAVE_SYS_STAT_H
| # include <sys/stat.h>
| #endif
| #ifdef STDC_HEADERS
| # include <stdlib.h>
| # include <stddef.h>
| #else
| # ifdef HAVE_STDLIB_H
| #  include <stdlib.h>
| # endif
| #endif
| #ifdef HAVE_STRING_H
| # if !defined STDC_HEADERS && defined HAVE_MEMORY_H
| #  include <memory.h>
| # endif
| # include <string.h>
| #endif
| #ifdef HAVE_STRINGS_H
| # include <strings.h>
| #endif
| #ifdef HAVE_INTTYPES_H
| # include <inttypes.h>
| #endif
| #ifdef HAVE_STDINT_H
| # include <stdint.h>
| #endif
| #ifdef HAVE_UNISTD_H
| # include <unistd.h>
| #endif
| 	        enum { N = 8 / 2 - 1 };
| int
| main ()
| {
| static int test_array [1 - 2 * !((int8_t) (((((int8_t) 1 << N) << N) - 1) * 2 + 1)
| 		 < (int8_t) (((((int8_t) 1 << N) << N) - 1) * 2 + 2))];
| test_array [0] = 0
| 
|   ;
|   return 0;
| }
configure:5137: result: yes
configure:5148: checking for off_t
configure:5148: gcc -c -g -O2  conftest.c >&5
configure:5148: $? = 0
configure:5148: gcc -c -g -O2  conftest.c >&5
conftest.c: In function 'main':
conftest.c:76:20: error: expected expression before ')' token
configure:5148: $? = 1
configure: failed program was:
| /* confdefs.h */
| #define PACKAGE_NAME ""
| #define PACKAGE_TARNAME ""
| #define PACKAGE_VERSION ""
| #define PACKAGE_STRING ""
| #define PACKAGE_BUGREPORT ""
| #define PACKAGE_URL ""
| #define PACKAGE "multi2sim"
| #define VERSION "3.3"
| #define STDC_HEADERS 1
| #define HAVE_SYS_WAIT_H 1
| #define HAVE_SYS_TYPES_H 1
| #define HAVE_SYS_STAT_H 1
| #define HAVE_STDLIB_H 1
| #define HAVE_STRING_H 1
| #define HAVE_MEMORY_H 1
| #define HAVE_STRINGS_H 1
| #define HAVE_INTTYPES_H 1
| #define HAVE_STDINT_H 1
| #define HAVE_UNISTD_H 1
| #define HAVE_FCNTL_H 1
| #define HAVE_FLOAT_H 1
| #define HAVE_STDDEF_H 1
| #define HAVE_STDINT_H 1
| #define HAVE_STDLIB_H 1
| #define HAVE_STRING_H 1
| #define HAVE_SYS_IOCTL_H 1
| #define HAVE_SYS_SOCKET_H 1
| #define HAVE_SYS_TIME_H 1
| #define HAVE_UNISTD_H 1
| #define HAVE_UTIME_H 1
| #define HAVE_ELF_H 1
| #define HAVE_ZLIB_H 1
| #define HAVE_LIBZ 1
| #define HAVE_GLUT_H 1
| #define HAVE_LIBGLUT 1
| #define HAVE_LIBGL 1
| #define HAVE_LIBGLU 1
| /* end confdefs.h.  */
| #include <stdio.h>
| #ifdef HAVE_SYS_TYPES_H
| # include <sys/types.h>
| #endif
| #ifdef HAVE_SYS_STAT_H
| # include <sys/stat.h>
| #endif
| #ifdef STDC_HEADERS
| # include <stdlib.h>
| # include <stddef.h>
| #else
| # ifdef HAVE_STDLIB_H
| #  include <stdlib.h>
| # endif
| #endif
| #ifdef HAVE_STRING_H
| # if !defined STDC_HEADERS && defined HAVE_MEMORY_H
| #  include <memory.h>
| # endif
| # include <string.h>
| #endif
| #ifdef HAVE_STRINGS_H
| # include <strings.h>
| #endif
| #ifdef HAVE_INTTYPES_H
| # include <inttypes.h>
| #endif
| #ifdef HAVE_STDINT_H
| # include <stdint.h>
| #endif
| #ifdef HAVE_UNISTD_H
| # include <unistd.h>
| #endif
| int
| main ()
| {
| if (sizeof ((off_t)))
| 	    return 0;
|   ;
|   return 0;
| }
configure:5148: result: yes
configure:5159: checking for size_t
configure:5159: gcc -c -g -O2  conftest.c >&5
configure:5159: $? = 0
configure:5159: gcc -c -g -O2  conftest.c >&5
conftest.c: In function 'main':
conftest.c:76:21: error: expected expression before ')' token
configure:5159: $? = 1
configure: failed program was:
| /* confdefs.h */
| #define PACKAGE_NAME ""
| #define PACKAGE_TARNAME ""
| #define PACKAGE_VERSION ""
| #define PACKAGE_STRING ""
| #define PACKAGE_BUGREPORT ""
| #define PACKAGE_URL ""
| #define PACKAGE "multi2sim"
| #define VERSION "3.3"
| #define STDC_HEADERS 1
| #define HAVE_SYS_WAIT_H 1
| #define HAVE_SYS_TYPES_H 1
| #define HAVE_SYS_STAT_H 1
| #define HAVE_STDLIB_H 1
| #define HAVE_STRING_H 1
| #define HAVE_MEMORY_H 1
| #define HAVE_STRINGS_H 1
| #define HAVE_INTTYPES_H 1
| #define HAVE_STDINT_H 1
| #define HAVE_UNISTD_H 1
| #define HAVE_FCNTL_H 1
| #define HAVE_FLOAT_H 1
| #define HAVE_STDDEF_H 1
| #define HAVE_STDINT_H 1
| #define HAVE_STDLIB_H 1
| #define HAVE_STRING_H 1
| #define HAVE_SYS_IOCTL_H 1
| #define HAVE_SYS_SOCKET_H 1
| #define HAVE_SYS_TIME_H 1
| #define HAVE_UNISTD_H 1
| #define HAVE_UTIME_H 1
| #define HAVE_ELF_H 1
| #define HAVE_ZLIB_H 1
| #define HAVE_LIBZ 1
| #define HAVE_GLUT_H 1
| #define HAVE_LIBGLUT 1
| #define HAVE_LIBGL 1
| #define HAVE_LIBGLU 1
| /* end confdefs.h.  */
| #include <stdio.h>
| #ifdef HAVE_SYS_TYPES_H
| # include <sys/types.h>
| #endif
| #ifdef HAVE_SYS_STAT_H
| # include <sys/stat.h>
| #endif
| #ifdef STDC_HEADERS
| # include <stdlib.h>
| # include <stddef.h>
| #else
| # ifdef HAVE_STDLIB_H
| #  include <stdlib.h>
| # endif
| #endif
| #ifdef HAVE_STRING_H
| # if !defined STDC_HEADERS && defined HAVE_MEMORY_H
| #  include <memory.h>
| # endif
| # include <string.h>
| #endif
| #ifdef HAVE_STRINGS_H
| # include <strings.h>
| #endif
| #ifdef HAVE_INTTYPES_H
| # include <inttypes.h>
| #endif
| #ifdef HAVE_STDINT_H
| # include <stdint.h>
| #endif
| #ifdef HAVE_UNISTD_H
| # include <unistd.h>
| #endif
| int
| main ()
| {
| if (sizeof ((size_t)))
| 	    return 0;
|   ;
|   return 0;
| }
configure:5159: result: yes
configure:5170: checking for struct stat.st_blksize
configure:5170: gcc -c -g -O2  conftest.c >&5
configure:5170: $? = 0
configure:5170: result: yes
configure:5180: checking for struct stat.st_blocks
configure:5180: gcc -c -g -O2  conftest.c >&5
configure:5180: $? = 0
configure:5180: result: yes
configure:5200: checking for struct stat.st_rdev
configure:5200: gcc -c -g -O2  conftest.c >&5
configure:5200: $? = 0
configure:5200: result: yes
configure:5210: checking for uint16_t
configure:5210: gcc -c -g -O2  conftest.c >&5
configure:5210: $? = 0
configure:5210: result: yes
configure:5222: checking for uint32_t
configure:5222: gcc -c -g -O2  conftest.c >&5
configure:5222: $? = 0
configure:5222: result: yes
configure:5236: checking for uint64_t
configure:5236: gcc -c -g -O2  conftest.c >&5
configure:5236: $? = 0
configure:5236: result: yes
configure:5250: checking for uint8_t
configure:5250: gcc -c -g -O2  conftest.c >&5
configure:5250: $? = 0
configure:5250: result: yes
configure:5267: checking for uid_t in sys/types.h
configure:5286: result: yes
configure:5299: checking for unistd.h
configure:5299: result: yes
configure:5309: checking for working chown
configure:5342: gcc -o conftest -g -O2   conftest.c -lGLU -lGL -lglut -lz  >&5
configure:5342: $? = 0
configure:5342: ./conftest
configure:5342: $? = 0
configure:5354: result: yes
configure:5362: checking for error_at_line
configure:5378: gcc -o conftest -g -O2   conftest.c -lGLU -lGL -lglut -lz  >&5
configure:5378: $? = 0
configure:5386: result: yes
configure:5397: checking whether lstat correctly handles trailing slash
configure:5423: gcc -o conftest -g -O2   conftest.c -lGLU -lGL -lglut -lz  >&5
configure:5423: $? = 0
configure:5423: ./conftest
configure:5423: $? = 0
configure:5440: result: yes
configure:5461: checking for stdlib.h
configure:5461: result: yes
configure:5471: checking for GNU libc compatible malloc
configure:5495: gcc -o conftest -g -O2   conftest.c -lGLU -lGL -lglut -lz  >&5
configure:5495: $? = 0
configure:5495: ./conftest
configure:5495: $? = 0
configure:5505: result: yes
configure:5532: checking for stdlib.h
configure:5532: result: yes
configure:5532: checking for unistd.h
configure:5532: result: yes
configure:5532: checking for sys/param.h
configure:5532: gcc -c -g -O2  conftest.c >&5
configure:5532: $? = 0
configure:5532: result: yes
configure:5552: checking for getpagesize
configure:5552: gcc -o conftest -g -O2   conftest.c -lGLU -lGL -lglut -lz  >&5
configure:5552: $? = 0
configure:5552: result: yes
configure:5561: checking for working mmap
configure:5708: gcc -o conftest -g -O2   conftest.c -lGLU -lGL -lglut -lz  >&5
configure:5708: $? = 0
configure:5708: ./conftest
configure:5708: $? = 0
configure:5718: result: yes
configure:5729: checking for stdlib.h
configure:5729: result: yes
configure:5739: checking for GNU libc compatible realloc
configure:5763: gcc -o conftest -g -O2   conftest.c -lGLU -lGL -lglut -lz  >&5
configure:5763: $? = 0
configure:5763: ./conftest
configure:5763: $? = 0
configure:5773: result: yes
configure:5797: checking for alarm
configure:5797: gcc -o conftest -g -O2   conftest.c -lGLU -lGL -lglut -lz  >&5
configure:5797: $? = 0
configure:5797: result: yes
configure:5797: checking for bzero
configure:5797: gcc -o conftest -g -O2   conftest.c -lGLU -lGL -lglut -lz  >&5
conftest.c:80:6: warning: conflicting types for built-in function 'bzero' [enabled by default]
configure:5797: $? = 0
configure:5797: result: yes
configure:5797: checking for ftruncate
configure:5797: gcc -o conftest -g -O2   conftest.c -lGLU -lGL -lglut -lz  >&5
configure:5797: $? = 0
configure:5797: result: yes
configure:5797: checking for getcwd
configure:5797: gcc -o conftest -g -O2   conftest.c -lGLU -lGL -lglut -lz  >&5
configure:5797: $? = 0
configure:5797: result: yes
configure:5797: checking for gettimeofday
configure:5797: gcc -o conftest -g -O2   conftest.c -lGLU -lGL -lglut -lz  >&5
configure:5797: $? = 0
configure:5797: result: yes
configure:5797: checking for memset
configure:5797: gcc -o conftest -g -O2   conftest.c -lGLU -lGL -lglut -lz  >&5
conftest.c:84:6: warning: conflicting types for built-in function 'memset' [enabled by default]
configure:5797: $? = 0
configure:5797: result: yes
configure:5797: checking for mkdir
configure:5797: gcc -o conftest -g -O2   conftest.c -lGLU -lGL -lglut -lz  >&5
configure:5797: $? = 0
configure:5797: result: yes
configure:5797: checking for munmap
configure:5797: gcc -o conftest -g -O2   conftest.c -lGLU -lGL -lglut -lz  >&5
configure:5797: $? = 0
configure:5797: result: yes
configure:5797: checking for select
configure:5797: gcc -o conftest -g -O2   conftest.c -lGLU -lGL -lglut -lz  >&5
configure:5797: $? = 0
configure:5797: result: yes
configure:5797: checking for socket
configure:5797: gcc -o conftest -g -O2   conftest.c -lGLU -lGL -lglut -lz  >&5
configure:5797: $? = 0
configure:5797: result: yes
configure:5797: checking for strcasecmp
configure:5797: gcc -o conftest -g -O2   conftest.c -lGLU -lGL -lglut -lz  >&5
conftest.c:89:6: warning: conflicting types for built-in function 'strcasecmp' [enabled by default]
configure:5797: $? = 0
configure:5797: result: yes
configure:5797: checking for strchr
configure:5797: gcc -o conftest -g -O2   conftest.c -lGLU -lGL -lglut -lz  >&5
conftest.c:90:6: warning: conflicting types for built-in function 'strchr' [enabled by default]
configure:5797: $? = 0
configure:5797: result: yes
configure:5797: checking for strdup
configure:5797: gcc -o conftest -g -O2   conftest.c -lGLU -lGL -lglut -lz  >&5
conftest.c:91:6: warning: conflicting types for built-in function 'strdup' [enabled by default]
configure:5797: $? = 0
configure:5797: result: yes
configure:5797: checking for strncasecmp
configure:5797: gcc -o conftest -g -O2   conftest.c -lGLU -lGL -lglut -lz  >&5
conftest.c:92:6: warning: conflicting types for built-in function 'strncasecmp' [enabled by default]
configure:5797: $? = 0
configure:5797: result: yes
configure:5797: checking for strtol
configure:5797: gcc -o conftest -g -O2   conftest.c -lGLU -lGL -lglut -lz  >&5
configure:5797: $? = 0
configure:5797: result: yes
configure:5797: checking for utime
configure:5797: gcc -o conftest -g -O2   conftest.c -lGLU -lGL -lglut -lz  >&5
configure:5797: $? = 0
configure:5797: result: yes
configure:5807: checking for sin in -lm
configure:5832: gcc -o conftest -g -O2   conftest.c -lm  -lGLU -lGL -lglut -lz  >&5
conftest.c:79:6: warning: conflicting types for built-in function 'sin' [enabled by default]
configure:5832: $? = 0
configure:5841: result: yes
configure:5852: checking for pthread_create in -lpthread
configure:5877: gcc -o conftest -g -O2   conftest.c -lpthread  -lm -lGLU -lGL -lglut -lz  >&5
configure:5877: $? = 0
configure:5886: result: yes
configure:5925: checking for pkg-config
configure:5943: found /usr/bin/pkg-config
configure:5956: result: /usr/bin/pkg-config
configure:5978: checking for GTK+ - version >= 3.0.0
configure:6088: gcc -o conftest -g -O2 -pthread -I/usr/include/gtk-3.0 -I/usr/include/pango-1.0 -I/usr/include/gio-unix-2.0/ -I/usr/include/atk-1.0 -I/usr/include/cairo -I/usr/include/gdk-pixbuf-2.0 -I/usr/include/freetype2 -I/usr/include/glib-2.0 -I/usr/lib/x86_64-linux-gnu/glib-2.0/include -I/usr/include/pixman-1 -I/usr/include/libpng12     conftest.c -lgtk-3 -lgdk-3 -latk-1.0 -lgio-2.0 -lpangocairo-1.0 -lgdk_pixbuf-2.0 -lcairo-gobject -lpango-1.0 -lcairo -lgobject-2.0 -lglib-2.0   -lm -lGLU -lGL -lglut -lz  >&5
configure:6088: $? = 0
configure:6088: ./conftest
configure:6088: $? = 0
configure:6102: result: yes (version 3.4.2)
configure:6515: creating ./config.status

## ---------------------- ##
## Running config.status. ##
## ---------------------- ##

This file was extended by config.status, which was
generated by GNU Autoconf 2.68.  Invocation command line was

  CONFIG_FILES    = 
  CONFIG_HEADERS  = 
  CONFIG_LINKS    = 
  CONFIG_COMMANDS = 
  $ ./config.status 

on PcVicent

config.status:849: creating Makefile
config.status:849: creating src/Makefile
config.status:849: creating src/arch/Makefile
config.status:849: creating src/mem-system/Makefile
config.status:849: creating src/network/Makefile
config.status:849: creating src/arch/arm/Makefile
config.status:849: creating src/arch/arm/asm/Makefile
config.status:849: creating src/arch/arm/emu/Makefile
config.status:849: creating src/arch/arm/timing/Makefile
config.status:849: creating src/arch/evergreen/Makefile
config.status:849: creating src/arch/evergreen/asm/Makefile
config.status:849: creating src/arch/evergreen/emu/Makefile
config.status:849: creating src/arch/evergreen/timing/Makefile
config.status:849: creating src/arch/fermi/Makefile
config.status:849: creating src/arch/fermi/asm/Makefile
config.status:849: creating src/arch/fermi/emu/Makefile
config.status:849: creating src/arch/fermi/timing/Makefile
config.status:849: creating src/arch/southern-islands/Makefile
config.status:849: creating src/arch/southern-islands/asm/Makefile
config.status:849: creating src/arch/southern-islands/emu/Makefile
config.status:849: creating src/arch/southern-islands/timing/Makefile
config.status:849: creating src/arch/x86/Makefile
config.status:849: creating src/arch/x86/asm/Makefile
config.status:849: creating src/arch/x86/emu/Makefile
config.status:849: creating src/arch/x86/timing/Makefile
config.status:849: creating src/visual/Makefile
config.status:849: creating src/visual/common/Makefile
config.status:849: creating src/visual/evergreen/Makefile
config.status:849: creating src/visual/memory/Makefile
config.status:849: creating src/visual/x86/Makefile
config.status:849: creating src/lib/Makefile
config.status:849: creating src/lib/esim/Makefile
config.status:849: creating src/lib/mhandle/Makefile
config.status:849: creating src/lib/misc/Makefile
config.status:849: creating src/lib/struct/Makefile
config.status:1021: executing depfiles commands

## ---------------- ##
## Cache variables. ##
## ---------------- ##

ac_cv_c_compiler_gnu=yes
ac_cv_c_int16_t=yes
ac_cv_c_int32_t=yes
ac_cv_c_int64_t=yes
ac_cv_c_int8_t=yes
ac_cv_c_uint16_t=yes
ac_cv_c_uint32_t=yes
ac_cv_c_uint64_t=yes
ac_cv_c_uint8_t=yes
ac_cv_cxx_compiler_gnu=yes
ac_cv_env_CCC_set=
ac_cv_env_CCC_value=
ac_cv_env_CC_set=
ac_cv_env_CC_value=
ac_cv_env_CFLAGS_set=
ac_cv_env_CFLAGS_value=
ac_cv_env_CPPFLAGS_set=
ac_cv_env_CPPFLAGS_value=
ac_cv_env_CPP_set=
ac_cv_env_CPP_value=
ac_cv_env_CXXFLAGS_set=
ac_cv_env_CXXFLAGS_value=
ac_cv_env_CXX_set=
ac_cv_env_CXX_value=
ac_cv_env_LDFLAGS_set=
ac_cv_env_LDFLAGS_value=
ac_cv_env_LIBS_set=
ac_cv_env_LIBS_value=
ac_cv_env_build_alias_set=
ac_cv_env_build_alias_value=
ac_cv_env_host_alias_set=
ac_cv_env_host_alias_value=
ac_cv_env_target_alias_set=
ac_cv_env_target_alias_value=
ac_cv_func_alarm=yes
ac_cv_func_bzero=yes
ac_cv_func_chown_works=yes
ac_cv_func_ftruncate=yes
ac_cv_func_getcwd=yes
ac_cv_func_getpagesize=yes
ac_cv_func_gettimeofday=yes
ac_cv_func_lstat_dereferences_slashed_symlink=yes
ac_cv_func_malloc_0_nonnull=yes
ac_cv_func_memset=yes
ac_cv_func_mkdir=yes
ac_cv_func_mmap_fixed_mapped=yes
ac_cv_func_munmap=yes
ac_cv_func_realloc_0_nonnull=yes
ac_cv_func_select=yes
ac_cv_func_socket=yes
ac_cv_func_strcasecmp=yes
ac_cv_func_strchr=yes
ac_cv_func_strdup=yes
ac_cv_func_strncasecmp=yes
ac_cv_func_strtol=yes
ac_cv_func_utime=yes
ac_cv_header_GL_glut_h=yes
ac_cv_header_elf_h=yes
ac_cv_header_fcntl_h=yes
ac_cv_header_float_h=yes
ac_cv_header_inttypes_h=yes
ac_cv_header_memory_h=yes
ac_cv_header_stdc=yes
ac_cv_header_stddef_h=yes
ac_cv_header_stdint_h=yes
ac_cv_header_stdlib_h=yes
ac_cv_header_string_h=yes
ac_cv_header_strings_h=yes
ac_cv_header_sys_ioctl_h=yes
ac_cv_header_sys_param_h=yes
ac_cv_header_sys_socket_h=yes
ac_cv_header_sys_stat_h=yes
ac_cv_header_sys_time_h=yes
ac_cv_header_sys_types_h=yes
ac_cv_header_sys_wait_h=yes
ac_cv_header_unistd_h=yes
ac_cv_header_utime_h=yes
ac_cv_header_zlib_h=yes
ac_cv_lib_GLU_gluOrtho2D=yes
ac_cv_lib_GL_glBegin=yes
ac_cv_lib_error_at_line=yes
ac_cv_lib_glut_glutInit=yes
ac_cv_lib_m_sin=yes
ac_cv_lib_pthread_pthread_create=yes
ac_cv_lib_z_inflate=yes
ac_cv_member_struct_stat_st_blksize=yes
ac_cv_member_struct_stat_st_blocks=yes
ac_cv_member_struct_stat_st_rdev=yes
ac_cv_objext=o
ac_cv_path_EGREP='/bin/grep -E'
ac_cv_path_GREP=/bin/grep
ac_cv_path_PKG_CONFIG=/usr/bin/pkg-config
ac_cv_path_install='/usr/bin/install -c'
ac_cv_path_mkdir=/bin/mkdir
ac_cv_prog_AWK=gawk
ac_cv_prog_CPP='gcc -E'
ac_cv_prog_ac_ct_CC=gcc
ac_cv_prog_ac_ct_CXX=g++
ac_cv_prog_ac_ct_RANLIB=ranlib
ac_cv_prog_cc_c89=
ac_cv_prog_cc_g=yes
ac_cv_prog_cxx_g=yes
ac_cv_prog_make_make_set=yes
ac_cv_type_off_t=yes
ac_cv_type_size_t=yes
ac_cv_type_uid_t=yes
am_cv_CC_dependencies_compiler_type=gcc3
am_cv_CXX_dependencies_compiler_type=gcc3

## ----------------- ##
## Output variables. ##
## ----------------- ##

ACLOCAL='${SHELL} /media/_home/vicent/gap/prefetch/multi2sim/missing --run aclocal-1.11'
AMDEPBACKSLASH='\'
AMDEP_FALSE='#'
AMDEP_TRUE=''
AMTAR='$${TAR-tar}'
AUTOCONF='${SHELL} /media/_home/vicent/gap/prefetch/multi2sim/missing --run autoconf'
AUTOHEADER='${SHELL} /media/_home/vicent/gap/prefetch/multi2sim/missing --run autoheader'
AUTOMAKE='${SHELL} /media/_home/vicent/gap/prefetch/multi2sim/missing --run automake-1.11'
AWK='gawk'
CC='gcc'
CCDEPMODE='depmode=gcc3'
CFLAGS='-O3 -std=gnu99 -DNDEBUG'
CPP='gcc -E'
CPPFLAGS=''
CXX='g++'
CXXDEPMODE='depmode=gcc3'
CXXFLAGS='-g -O2'
CYGPATH_W='echo'
DATADIR='${prefix}/share'
DEFS='-DPACKAGE_NAME=\"\" -DPACKAGE_TARNAME=\"\" -DPACKAGE_VERSION=\"\" -DPACKAGE_STRING=\"\" -DPACKAGE_BUGREPORT=\"\" -DPACKAGE_URL=\"\" -DPACKAGE=\"multi2sim\" -DVERSION=\"3.3\" -DSTDC_HEADERS=1 -DHAVE_SYS_WAIT_H=1 -DHAVE_SYS_TYPES_H=1 -DHAVE_SYS_STAT_H=1 -DHAVE_STDLIB_H=1 -DHAVE_STRING_H=1 -DHAVE_MEMORY_H=1 -DHAVE_STRINGS_H=1 -DHAVE_INTTYPES_H=1 -DHAVE_STDINT_H=1 -DHAVE_UNISTD_H=1 -DHAVE_FCNTL_H=1 -DHAVE_FLOAT_H=1 -DHAVE_STDDEF_H=1 -DHAVE_STDINT_H=1 -DHAVE_STDLIB_H=1 -DHAVE_STRING_H=1 -DHAVE_SYS_IOCTL_H=1 -DHAVE_SYS_SOCKET_H=1 -DHAVE_SYS_TIME_H=1 -DHAVE_UNISTD_H=1 -DHAVE_UTIME_H=1 -DHAVE_ELF_H=1 -DHAVE_ZLIB_H=1 -DHAVE_LIBZ=1 -DHAVE_GLUT_H=1 -DHAVE_LIBGLUT=1 -DHAVE_LIBGL=1 -DHAVE_LIBGLU=1 -DHAVE_STRUCT_STAT_ST_BLKSIZE=1 -DHAVE_STRUCT_STAT_ST_BLOCKS=1 -DHAVE_ST_BLOCKS=1 -DHAVE_STRUCT_STAT_ST_RDEV=1 -DHAVE_UNISTD_H=1 -DHAVE_CHOWN=1 -DLSTAT_FOLLOWS_SLASHED_SYMLINK=1 -DHAVE_STDLIB_H=1 -DHAVE_MALLOC=1 -DHAVE_STDLIB_H=1 -DHAVE_UNISTD_H=1 -DHAVE_SYS_PARAM_H=1 -DHAVE_GETPAGESIZE=1 -DHAVE_MMAP=1 -DHAVE_STDLIB_H=1 -DHAVE_REALLOC=1 -DHAVE_ALARM=1 -DHAVE_BZERO=1 -DHAVE_FTRUNCATE=1 -DHAVE_GETCWD=1 -DHAVE_GETTIMEOFDAY=1 -DHAVE_MEMSET=1 -DHAVE_MKDIR=1 -DHAVE_MUNMAP=1 -DHAVE_SELECT=1 -DHAVE_SOCKET=1 -DHAVE_STRCASECMP=1 -DHAVE_STRCHR=1 -DHAVE_STRDUP=1 -DHAVE_STRNCASECMP=1 -DHAVE_STRTOL=1 -DHAVE_UTIME=1 -DHAVE_LIBM=1 -DHAVE_GTK=1'
DEPDIR='.deps'
ECHO_C=''
ECHO_N='-n'
ECHO_T=''
EGREP='/bin/grep -E'
EXEEXT=''
GREP='/bin/grep'
GTK_CFLAGS='-pthread -I/usr/include/gtk-3.0 -I/usr/include/pango-1.0 -I/usr/include/gio-unix-2.0/ -I/usr/include/atk-1.0 -I/usr/include/cairo -I/usr/include/gdk-pixbuf-2.0 -I/usr/include/freetype2 -I/usr/include/glib-2.0 -I/usr/lib/x86_64-linux-gnu/glib-2.0/include -I/usr/include/pixman-1 -I/usr/include/libpng12  '
GTK_LIBS='-lgtk-3 -lgdk-3 -latk-1.0 -lgio-2.0 -lpangocairo-1.0 -lgdk_pixbuf-2.0 -lcairo-gobject -lpango-1.0 -lcairo -lgobject-2.0 -lglib-2.0  '
HAVE_GLUT_H_FALSE='#'
HAVE_GLUT_H_TRUE=''
HAVE_GTK_FALSE='#'
HAVE_GTK_TRUE=''
INSTALL_DATA='${INSTALL} -m 644'
INSTALL_PROGRAM='${INSTALL}'
INSTALL_SCRIPT='${INSTALL}'
INSTALL_STRIP_PROGRAM='$(install_sh) -c -s'
LDFLAGS=''
LIBOBJS=''
LIBS='-lm -lGLU -lGL -lglut -lz '
LTLIBOBJS=''
M2S_INCLUDES=' -I$(top_srcdir)/src/lib/esim -I$(top_srcdir)/src/lib/mhandle -I$(top_srcdir)/src/lib/misc -I$(top_srcdir)/src/lib/struct -I$(top_srcdir)/src/arch/arm/asm -I$(top_srcdir)/src/arch/arm/emu -I$(top_srcdir)/src/arch/arm/timing -I$(top_srcdir)/src/arch/evergreen/asm -I$(top_srcdir)/src/arch/evergreen/emu -I$(top_srcdir)/src/arch/evergreen/timing -I$(top_srcdir)/src/arch/fermi/asm -I$(top_srcdir)/src/arch/fermi/emu -I$(top_srcdir)/src/arch/fermi/timing -I$(top_srcdir)/src/arch/southern-islands/asm -I$(top_srcdir)/src/arch/southern-islands/emu -I$(top_srcdir)/src/arch/southern-islands/timing -I$(top_srcdir)/src/arch/x86/asm -I$(top_srcdir)/src/arch/x86/emu -I$(top_srcdir)/src/arch/x86/timing -I$(top_srcdir)/src/visual/common -I$(top_srcdir)/src/visual/evergreen -I$(top_srcdir)/src/visual/memory -I$(top_srcdir)/src/visual/x86 -I$(top_srcdir)/src/mem-system -I$(top_srcdir)/src/network '
MAKEINFO='${SHELL} /media/_home/vicent/gap/prefetch/multi2sim/missing --run makeinfo'
MKDIR_P='/bin/mkdir -p'
OBJEXT='o'
PACKAGE='multi2sim'
PACKAGE_BUGREPORT=''
PACKAGE_NAME=''
PACKAGE_STRING=''
PACKAGE_TARNAME=''
PACKAGE_URL=''
PACKAGE_VERSION=''
PATH_SEPARATOR=':'
PKGDATADIR='${datarootdir}/multi2sim'
PKG_CONFIG='/usr/bin/pkg-config'
RANLIB='ranlib'
SET_MAKE=''
SHELL='/bin/bash'
STRIP=''
VERSION='3.3'
ac_ct_CC='gcc'
ac_ct_CXX='g++'
am__EXEEXT_FALSE=''
am__EXEEXT_TRUE='#'
am__fastdepCC_FALSE='#'
am__fastdepCC_TRUE=''
am__fastdepCXX_FALSE='#'
am__fastdepCXX_TRUE=''
am__include='include'
am__isrc=''
am__leading_dot='.'
am__nodep='_no'
am__quote=''
am__tar='$${TAR-tar} chof - "$$tardir"'
am__untar='$${TAR-tar} xf -'
bindir='${exec_prefix}/bin'
build_alias=''
datadir='${datarootdir}'
datarootdir='${prefix}/share'
docdir='${datarootdir}/doc/${PACKAGE}'
dvidir='${docdir}'
exec_prefix='${prefix}'
host_alias=''
htmldir='${docdir}'
includedir='${prefix}/include'
infodir='${datarootdir}/info'
install_sh='${SHELL} /media/_home/vicent/gap/prefetch/multi2sim/install-sh'
libdir='${exec_prefix}/lib'
libexecdir='${exec_prefix}/libexec'
localedir='${datarootdir}/locale'
localstatedir='${prefix}/var'
mandir='${datarootdir}/man'
mkdir_p='/bin/mkdir -p'
oldincludedir='/usr/include'
pdfdir='${docdir}'
prefix='/usr/local'
program_transform_name='s,x,x,'
psdir='${docdir}'
sbindir='${exec_prefix}/sbin'
sharedstatedir='${prefix}/com'
sysconfdir='${prefix}/etc'
target_alias=''

## ----------- ##
## confdefs.h. ##
## ----------- ##

/* confdefs.h */
#define PACKAGE_NAME ""
#define PACKAGE_TARNAME ""
#define PACKAGE_VERSION ""
#define PACKAGE_STRING ""
#define PACKAGE_BUGREPORT ""
#define PACKAGE_URL ""
#define PACKAGE "multi2sim"
#define VERSION "3.3"
#define STDC_HEADERS 1
#define HAVE_SYS_WAIT_H 1
#define HAVE_SYS_TYPES_H 1
#define HAVE_SYS_STAT_H 1
#define HAVE_STDLIB_H 1
#define HAVE_STRING_H 1
#define HAVE_MEMORY_H 1
#define HAVE_STRINGS_H 1
#define HAVE_INTTYPES_H 1
#define HAVE_STDINT_H 1
#define HAVE_UNISTD_H 1
#define HAVE_FCNTL_H 1
#define HAVE_FLOAT_H 1
#define HAVE_STDDEF_H 1
#define HAVE_STDINT_H 1
#define HAVE_STDLIB_H 1
#define HAVE_STRING_H 1
#define HAVE_SYS_IOCTL_H 1
#define HAVE_SYS_SOCKET_H 1
#define HAVE_SYS_TIME_H 1
#define HAVE_UNISTD_H 1
#define HAVE_UTIME_H 1
#define HAVE_ELF_H 1
#define HAVE_ZLIB_H 1
#define HAVE_LIBZ 1
#define HAVE_GLUT_H 1
#define HAVE_LIBGLUT 1
#define HAVE_LIBGL 1
#define HAVE_LIBGLU 1
#define HAVE_STRUCT_STAT_ST_BLKSIZE 1
#define HAVE_STRUCT_STAT_ST_BLOCKS 1
#define HAVE_ST_BLOCKS 1
#define HAVE_STRUCT_STAT_ST_RDEV 1
#define HAVE_UNISTD_H 1
#define HAVE_CHOWN 1
#define LSTAT_FOLLOWS_SLASHED_SYMLINK 1
#define HAVE_STDLIB_H 1
#define HAVE_MALLOC 1
#define HAVE_STDLIB_H 1
#define HAVE_UNISTD_H 1
#define HAVE_SYS_PARAM_H 1
#define HAVE_GETPAGESIZE 1
#define HAVE_MMAP 1
#define HAVE_STDLIB_H 1
#define HAVE_REALLOC 1
#define HAVE_ALARM 1
#define HAVE_BZERO 1
#define HAVE_FTRUNCATE 1
#define HAVE_GETCWD 1
#define HAVE_GETTIMEOFDAY 1
#define HAVE_MEMSET 1
#define HAVE_MKDIR 1
#define HAVE_MUNMAP 1
#define HAVE_SELECT 1
#define HAVE_SOCKET 1
#define HAVE_STRCASECMP 1
#define HAVE_STRCHR 1
#define HAVE_STRDUP 1
#define HAVE_STRNCASECMP 1
#define HAVE_STRTOL 1
#define HAVE_UTIME 1
#define HAVE_LIBM 1
#define HAVE_GTK 1

configure: exit 0

## ---------------------- ##
## Running config.status. ##
## ---------------------- ##

This file was extended by config.status, which was
generated by GNU Autoconf 2.68.  Invocation command line was

  CONFIG_FILES    = 
  CONFIG_HEADERS  = 
  CONFIG_LINKS    = 
  CONFIG_COMMANDS = 
  $ ./config.status src/arch/arm/emu/Makefile depfiles

on PcVicent

config.status:849: creating src/arch/arm/emu/Makefile
config.status:1021: executing depfiles commands

## ---------------------- ##
## Running config.status. ##
## ---------------------- ##

This file was extended by config.status, which was
generated by GNU Autoconf 2.68.  Invocation command line was

  CONFIG_FILES    = 
  CONFIG_HEADERS  = 
  CONFIG_LINKS    = 
  CONFIG_COMMANDS = 
  $ ./config.status src/arch/arm/timing/Makefile depfiles

on PcVicent

config.status:849: creating src/arch/arm/timing/Makefile
config.status:1021: executing depfiles commands

## ---------------------- ##
## Running config.status. ##
## ---------------------- ##

This file was extended by config.status, which was
generated by GNU Autoconf 2.68.  Invocation command line was

  CONFIG_FILES    = 
  CONFIG_HEADERS  = 
  CONFIG_LINKS    = 
  CONFIG_COMMANDS = 
  $ ./config.status src/arch/evergreen/Makefile

on PcVicent

config.status:849: creating src/arch/evergreen/Makefile

## ---------------------- ##
## Running config.status. ##
## ---------------------- ##

This file was extended by config.status, which was
generated by GNU Autoconf 2.68.  Invocation command line was

  CONFIG_FILES    = 
  CONFIG_HEADERS  = 
  CONFIG_LINKS    = 
  CONFIG_COMMANDS = 
  $ ./config.status src/arch/evergreen/asm/Makefile depfiles

on PcVicent

config.status:849: creating src/arch/evergreen/asm/Makefile
config.status:1021: executing depfiles commands

## ---------------------- ##
## Running config.status. ##
## ---------------------- ##

This file was extended by config.status, which was
generated by GNU Autoconf 2.68.  Invocation command line was

  CONFIG_FILES    = 
  CONFIG_HEADERS  = 
  CONFIG_LINKS    = 
  CONFIG_COMMANDS = 
  $ ./config.status src/arch/evergreen/emu/Makefile depfiles

on PcVicent

config.status:849: creating src/arch/evergreen/emu/Makefile
config.status:1021: executing depfiles commands

## ---------------------- ##
## Running config.status. ##
## ---------------------- ##

This file was extended by config.status, which was
generated by GNU Autoconf 2.68.  Invocation command line was

  CONFIG_FILES    = 
  CONFIG_HEADERS  = 
  CONFIG_LINKS    = 
  CONFIG_COMMANDS = 
  $ ./config.status src/arch/evergreen/timing/Makefile depfiles

on PcVicent

config.status:849: creating src/arch/evergreen/timing/Makefile
config.status:1021: executing depfiles commands

## ---------------------- ##
## Running config.status. ##
## ---------------------- ##

This file was extended by config.status, which was
generated by GNU Autoconf 2.68.  Invocation command line was

  CONFIG_FILES    = 
  CONFIG_HEADERS  = 
  CONFIG_LINKS    = 
  CONFIG_COMMANDS = 
  $ ./config.status src/arch/fermi/Makefile

on PcVicent

config.status:849: creating src/arch/fermi/Makefile

## ---------------------- ##
## Running config.status. ##
## ---------------------- ##

This file was extended by config.status, which was
generated by GNU Autoconf 2.68.  Invocation command line was

  CONFIG_FILES    = 
  CONFIG_HEADERS  = 
  CONFIG_LINKS    = 
  CONFIG_COMMANDS = 
  $ ./config.status src/arch/fermi/asm/Makefile depfiles

on PcVicent

config.status:849: creating src/arch/fermi/asm/Makefile
config.status:1021: executing depfiles commands

## ---------------------- ##
## Running config.status. ##
## ---------------------- ##

This file was extended by config.status, which was
generated by GNU Autoconf 2.68.  Invocation command line was

  CONFIG_FILES    = 
  CONFIG_HEADERS  = 
  CONFIG_LINKS    = 
  CONFIG_COMMANDS = 
  $ ./config.status src/arch/fermi/emu/Makefile depfiles

on PcVicent

config.status:849: creating src/arch/fermi/emu/Makefile
config.status:1021: executing depfiles commands

## ---------------------- ##
## Running config.status. ##
## ---------------------- ##

This file was extended by config.status, which was
generated by GNU Autoconf 2.68.  Invocation command line was

  CONFIG_FILES    = 
  CONFIG_HEADERS  = 
  CONFIG_LINKS    = 
  CONFIG_COMMANDS = 
  $ ./config.status src/arch/fermi/timing/Makefile depfiles

on PcVicent

config.status:849: creating src/arch/fermi/timing/Makefile
config.status:1021: executing depfiles commands

## ---------------------- ##
## Running config.status. ##
## ---------------------- ##

This file was extended by config.status, which was
generated by GNU Autoconf 2.68.  Invocation command line was

  CONFIG_FILES    = 
  CONFIG_HEADERS  = 
  CONFIG_LINKS    = 
  CONFIG_COMMANDS = 
  $ ./config.status src/arch/southern-islands/Makefile

on PcVicent

config.status:849: creating src/arch/southern-islands/Makefile

## ---------------------- ##
## Running config.status. ##
## ---------------------- ##

This file was extended by config.status, which was
generated by GNU Autoconf 2.68.  Invocation command line was

  CONFIG_FILES    = 
  CONFIG_HEADERS  = 
  CONFIG_LINKS    = 
  CONFIG_COMMANDS = 
  $ ./config.status src/arch/southern-islands/asm/Makefile depfiles

on PcVicent

config.status:849: creating src/arch/southern-islands/asm/Makefile
config.status:1021: executing depfiles commands

## ---------------------- ##
## Running config.status. ##
## ---------------------- ##

This file was extended by config.status, which was
generated by GNU Autoconf 2.68.  Invocation command line was

  CONFIG_FILES    = 
  CONFIG_HEADERS  = 
  CONFIG_LINKS    = 
  CONFIG_COMMANDS = 
  $ ./config.status src/arch/southern-islands/emu/Makefile depfiles

on PcVicent

config.status:849: creating src/arch/southern-islands/emu/Makefile
config.status:1021: executing depfiles commands

## ---------------------- ##
## Running config.status. ##
## ---------------------- ##

This file was extended by config.status, which was
generated by GNU Autoconf 2.68.  Invocation command line was

  CONFIG_FILES    = 
  CONFIG_HEADERS  = 
  CONFIG_LINKS    = 
  CONFIG_COMMANDS = 
  $ ./config.status src/arch/southern-islands/timing/Makefile depfiles

on PcVicent

config.status:849: creating src/arch/southern-islands/timing/Makefile
config.status:1021: executing depfiles commands

## ---------------------- ##
## Running config.status. ##
## ---------------------- ##

This file was extended by config.status, which was
generated by GNU Autoconf 2.68.  Invocation command line was

  CONFIG_FILES    = 
  CONFIG_HEADERS  = 
  CONFIG_LINKS    = 
  CONFIG_COMMANDS = 
  $ ./config.status src/arch/x86/Makefile

on PcVicent

config.status:849: creating src/arch/x86/Makefile

## ---------------------- ##
## Running config.status. ##
## ---------------------- ##

This file was extended by config.status, which was
generated by GNU Autoconf 2.68.  Invocation command line was

  CONFIG_FILES    = 
  CONFIG_HEADERS  = 
  CONFIG_LINKS    = 
  CONFIG_COMMANDS = 
  $ ./config.status src/arch/x86/asm/Makefile depfiles

on PcVicent

config.status:849: creating src/arch/x86/asm/Makefile
config.status:1021: executing depfiles commands

## ---------------------- ##
## Running config.status. ##
## ---------------------- ##

This file was extended by config.status, which was
generated by GNU Autoconf 2.68.  Invocation command line was

  CONFIG_FILES    = 
  CONFIG_HEADERS  = 
  CONFIG_LINKS    = 
  CONFIG_COMMANDS = 
  $ ./config.status src/arch/x86/emu/Makefile depfiles

on PcVicent

config.status:849: creating src/arch/x86/emu/Makefile
config.status:1021: executing depfiles commands

## ---------------------- ##
## Running config.status. ##
## ---------------------- ##

This file was extended by config.status, which was
generated by GNU Autoconf 2.68.  Invocation command line was

  CONFIG_FILES    = 
  CONFIG_HEADERS  = 
  CONFIG_LINKS    = 
  CONFIG_COMMANDS = 
  $ ./config.status src/arch/x86/timing/Makefile depfiles

on PcVicent

config.status:849: creating src/arch/x86/timing/Makefile
config.status:1021: executing depfiles commands

## ---------------------- ##
## Running config.status. ##
## ---------------------- ##

This file was extended by config.status, which was
generated by GNU Autoconf 2.68.  Invocation command line was

  CONFIG_FILES    = 
  CONFIG_HEADERS  = 
  CONFIG_LINKS    = 
  CONFIG_COMMANDS = 
  $ ./config.status src/lib/Makefile

on PcVicent

config.status:849: creating src/lib/Makefile

## ---------------------- ##
## Running config.status. ##
## ---------------------- ##

This file was extended by config.status, which was
generated by GNU Autoconf 2.68.  Invocation command line was

  CONFIG_FILES    = 
  CONFIG_HEADERS  = 
  CONFIG_LINKS    = 
  CONFIG_COMMANDS = 
  $ ./config.status src/lib/esim/Makefile depfiles

on PcVicent

config.status:849: creating src/lib/esim/Makefile
config.status:1021: executing depfiles commands

## ---------------------- ##
## Running config.status. ##
## ---------------------- ##

This file was extended by config.status, which was
generated by GNU Autoconf 2.68.  Invocation command line was

  CONFIG_FILES    = 
  CONFIG_HEADERS  = 
  CONFIG_LINKS    = 
  CONFIG_COMMANDS = 
  $ ./config.status src/lib/mhandle/Makefile depfiles

on PcVicent

config.status:849: creating src/lib/mhandle/Makefile
config.status:1021: executing depfiles commands

## ---------------------- ##
## Running config.status. ##
## ---------------------- ##

This file was extended by config.status, which was
generated by GNU Autoconf 2.68.  Invocation command line was

  CONFIG_FILES    = 
  CONFIG_HEADERS  = 
  CONFIG_LINKS    = 
  CONFIG_COMMANDS = 
  $ ./config.status src/lib/misc/Makefile depfiles

on PcVicent

config.status:849: creating src/lib/misc/Makefile
config.status:1021: executing depfiles commands

## ---------------------- ##
## Running config.status. ##
## ---------------------- ##

This file was extended by config.status, which was
generated by GNU Autoconf 2.68.  Invocation command line was

  CONFIG_FILES    = 
  CONFIG_HEADERS  = 
  CONFIG_LINKS    = 
  CONFIG_COMMANDS = 
  $ ./config.status src/lib/struct/Makefile depfiles

on PcVicent

config.status:849: creating src/lib/struct/Makefile
config.status:1021: executing depfiles commands

## ---------------------- ##
## Running config.status. ##
## ---------------------- ##

This file was extended by config.status, which was
generated by GNU Autoconf 2.68.  Invocation command line was

  CONFIG_FILES    = 
  CONFIG_HEADERS  = 
  CONFIG_LINKS    = 
  CONFIG_COMMANDS = 
  $ ./config.status src/mem-system/Makefile depfiles

on PcVicent

config.status:849: creating src/mem-system/Makefile
config.status:1021: executing depfiles commands

## ---------------------- ##
## Running config.status. ##
## ---------------------- ##

This file was extended by config.status, which was
generated by GNU Autoconf 2.68.  Invocation command line was

  CONFIG_FILES    = 
  CONFIG_HEADERS  = 
  CONFIG_LINKS    = 
  CONFIG_COMMANDS = 
  $ ./config.status src/network/Makefile depfiles

on PcVicent

config.status:849: creating src/network/Makefile
config.status:1021: executing depfiles commands

## ---------------------- ##
## Running config.status. ##
## ---------------------- ##

This file was extended by config.status, which was
generated by GNU Autoconf 2.68.  Invocation command line was

  CONFIG_FILES    = 
  CONFIG_HEADERS  = 
  CONFIG_LINKS    = 
  CONFIG_COMMANDS = 
  $ ./config.status src/visual/Makefile

on PcVicent

config.status:849: creating src/visual/Makefile

## ---------------------- ##
## Running config.status. ##
## ---------------------- ##

This file was extended by config.status, which was
generated by GNU Autoconf 2.68.  Invocation command line was

  CONFIG_FILES    = 
  CONFIG_HEADERS  = 
  CONFIG_LINKS    = 
  CONFIG_COMMANDS = 
  $ ./config.status src/visual/common/Makefile depfiles

on PcVicent

config.status:849: creating src/visual/common/Makefile
config.status:1021: executing depfiles commands

## ---------------------- ##
## Running config.status. ##
## ---------------------- ##

This file was extended by config.status, which was
generated by GNU Autoconf 2.68.  Invocation command line was

  CONFIG_FILES    = 
  CONFIG_HEADERS  = 
  CONFIG_LINKS    = 
  CONFIG_COMMANDS = 
  $ ./config.status src/visual/evergreen/Makefile depfiles

on PcVicent

config.status:849: creating src/visual/evergreen/Makefile
config.status:1021: executing depfiles commands

## ---------------------- ##
## Running config.status. ##
## ---------------------- ##

This file was extended by config.status, which was
generated by GNU Autoconf 2.68.  Invocation command line was

  CONFIG_FILES    = 
  CONFIG_HEADERS  = 
  CONFIG_LINKS    = 
  CONFIG_COMMANDS = 
  $ ./config.status src/visual/memory/Makefile depfiles

on PcVicent

config.status:849: creating src/visual/memory/Makefile
config.status:1021: executing depfiles commands

## ---------------------- ##
## Running config.status. ##
## ---------------------- ##

This file was extended by config.status, which was
generated by GNU Autoconf 2.68.  Invocation command line was

  CONFIG_FILES    = 
  CONFIG_HEADERS  = 
  CONFIG_LINKS    = 
  CONFIG_COMMANDS = 
  $ ./config.status src/visual/x86/Makefile depfiles

on PcVicent

config.status:849: creating src/visual/x86/Makefile
config.status:1021: executing depfiles commands
